Terminals unused in grammar

    TOKEN_REGISTER_RAX
    TOKEN_REGISTER_RBX
    TOKEN_REGISTER_RCX
    TOKEN_REGISTER_RDX
    TOKEN_REGISTER_FIRST_FUNCTION_ARG
    TOKEN_REGISTER_SECOND_FUNCTION_ARG
    TOKEN_REGISTER_STACK_POINTER
    TOKEN_REGISTER_FRAME_POINTER
    TOKEN_REGISTER_8
    TOKEN_REGISTER_9
    TOKEN_REGISTER_10
    TOKEN_REGISTER_11
    TOKEN_REGISTER_12
    TOKEN_REGISTER_13
    TOKEN_REGISTER_14
    TOKEN_REGISTER_15
    TOKEN_IMMEDIATE
    TOKEN_DIGIT
    TOKEN_OP_LEFT_PAREN
    TOKEN_OP_RIGHT_PAREN
    TOKEN_OP_COMMA
    TOKEN_OP_COLON
    TOKEN_OP_NEWLINE
    TOKEN_DIRECTIVE_DATA
    TOKEN_DIRECTIVE_QUAD
    TOKEN_DIRECTIVE_TEXT
    TOKEN_DIRECTIVE_GLOBAL
    TOKEN_DIRECTIVE_SECTION
    TOKEN_DIRECTIVE_GNU_STACK
    TOKEN_DIRECTIVE_PROGBITS
    TOKEN_DIRECTIVE_FILE
    TOKEN_DIRECTIVE_STRING
    TOKEN_IDENTIFIER
    TOKEN_LITERAL_STRING
    TOKEN_INSTR_MOVQ
    TOKEN_INSTR_LEAQ
    TOKEN_INSTR_ADDQ
    TOKEN_INSTR_SUBQ
    TOKEN_INSTR_IMULQ
    TOKEN_INSTR_IDIVQ
    TOKEN_INSTR_NEGQ
    TOKEN_INSTR_INCQ
    TOKEN_INSTR_DECQ
    TOKEN_INSTR_CQO
    TOKEN_INSTR_CMPQ
    TOKEN_INSTR_JE
    TOKEN_INSTR_JNE
    TOKEN_INSTR_JL
    TOKEN_INSTR_JG
    TOKEN_INSTR_JLE
    TOKEN_INSTR_JGE
    TOKEN_INSTR_JMP
    TOKEN_INSTR_CALL
    TOKEN_INSTR_PUSHQ
    TOKEN_INSTR_POPQ
    TOKEN_ERROR_UNDEFINED_CHAR
    TOKEN_EOF


Grammar

    0 $accept: program $end

    1 program: ε


Terminals, with rules where they appear

    $end (0) 0
    error (256)
    TOKEN_REGISTER_RAX (258)
    TOKEN_REGISTER_RBX (259)
    TOKEN_REGISTER_RCX (260)
    TOKEN_REGISTER_RDX (261)
    TOKEN_REGISTER_FIRST_FUNCTION_ARG (262)
    TOKEN_REGISTER_SECOND_FUNCTION_ARG (263)
    TOKEN_REGISTER_STACK_POINTER (264)
    TOKEN_REGISTER_FRAME_POINTER (265)
    TOKEN_REGISTER_8 (266)
    TOKEN_REGISTER_9 (267)
    TOKEN_REGISTER_10 (268)
    TOKEN_REGISTER_11 (269)
    TOKEN_REGISTER_12 (270)
    TOKEN_REGISTER_13 (271)
    TOKEN_REGISTER_14 (272)
    TOKEN_REGISTER_15 (273)
    TOKEN_IMMEDIATE (274)
    TOKEN_DIGIT (275)
    TOKEN_OP_LEFT_PAREN (276)
    TOKEN_OP_RIGHT_PAREN (277)
    TOKEN_OP_COMMA (278)
    TOKEN_OP_COLON (279)
    TOKEN_OP_NEWLINE (280)
    TOKEN_DIRECTIVE_DATA (281)
    TOKEN_DIRECTIVE_QUAD (282)
    TOKEN_DIRECTIVE_TEXT (283)
    TOKEN_DIRECTIVE_GLOBAL (284)
    TOKEN_DIRECTIVE_SECTION (285)
    TOKEN_DIRECTIVE_GNU_STACK (286)
    TOKEN_DIRECTIVE_PROGBITS (287)
    TOKEN_DIRECTIVE_FILE (288)
    TOKEN_DIRECTIVE_STRING (289)
    TOKEN_IDENTIFIER (290)
    TOKEN_LITERAL_STRING (291)
    TOKEN_INSTR_MOVQ (292)
    TOKEN_INSTR_LEAQ (293)
    TOKEN_INSTR_ADDQ (294)
    TOKEN_INSTR_SUBQ (295)
    TOKEN_INSTR_IMULQ (296)
    TOKEN_INSTR_IDIVQ (297)
    TOKEN_INSTR_NEGQ (298)
    TOKEN_INSTR_INCQ (299)
    TOKEN_INSTR_DECQ (300)
    TOKEN_INSTR_CQO (301)
    TOKEN_INSTR_CMPQ (302)
    TOKEN_INSTR_JE (303)
    TOKEN_INSTR_JNE (304)
    TOKEN_INSTR_JL (305)
    TOKEN_INSTR_JG (306)
    TOKEN_INSTR_JLE (307)
    TOKEN_INSTR_JGE (308)
    TOKEN_INSTR_JMP (309)
    TOKEN_INSTR_CALL (310)
    TOKEN_INSTR_PUSHQ (311)
    TOKEN_INSTR_POPQ (312)
    TOKEN_ERROR_UNDEFINED_CHAR (313)
    TOKEN_EOF (314)


Nonterminals, with rules where they appear

    $accept (60)
        on left: 0
    program <decl> (61)
        on left: 1
        on right: 0


State 0

    0 $accept: • program $end

    $default  reduce using rule 1 (program)

    program  go to state 1


State 1

    0 $accept: program • $end

    $end  shift, and go to state 2


State 2

    0 $accept: program $end •

    $default  accept
